{"c:\\Users\\cgackenheimer\\Dropbox\\book\\code\\11\\11-5-1.js":{"path":"c:\\Users\\cgackenheimer\\Dropbox\\book\\code\\11\\11-5-1.js","s":{"1":1,"2":1,"3":1,"4":0,"5":1,"6":1},"b":{},"f":{"1":1,"2":0,"3":1},"fnMap":{"1":{"name":"add","line":5,"loc":{"start":{"line":5,"column":0},"end":{"line":5,"column":29}}},"2":{"name":"subtract","line":9,"loc":{"start":{"line":9,"column":0},"end":{"line":9,"column":34}}},"3":{"name":"(anonymous_3)","line":13,"loc":{"start":{"line":13,"column":10},"end":{"line":13,"column":27}}}},"statementMap":{"1":{"start":{"line":5,"column":0},"end":{"line":7,"column":1}},"2":{"start":{"line":6,"column":1},"end":{"line":6,"column":17}},"3":{"start":{"line":9,"column":0},"end":{"line":11,"column":1}},"4":{"start":{"line":10,"column":1},"end":{"line":10,"column":17}},"5":{"start":{"line":13,"column":0},"end":{"line":15,"column":3}},"6":{"start":{"line":14,"column":1},"end":{"line":14,"column":21}}},"branchMap":{}}}